2021-02-02 19:27:42.924  INFO 1696 --- [restartedMain] c.tytao.community.CommunityApplication   : Starting CommunityApplication using Java 1.8.0_271 on LAPTOP-5DJA5JRA with PID 1696 (D:\springboot-project\my-community\target\classes started by TYTaO in D:\springboot-project\my-community)
2021-02-02 19:27:42.929  INFO 1696 --- [restartedMain] c.tytao.community.CommunityApplication   : No active profile set, falling back to default profiles: default
2021-02-02 19:27:43.019  INFO 1696 --- [restartedMain] .e.DevToolsPropertyDefaultsPostProcessor : Devtools property defaults active! Set 'spring.devtools.add-properties' to 'false' to disable
2021-02-02 19:27:43.026  INFO 1696 --- [restartedMain] .e.DevToolsPropertyDefaultsPostProcessor : For additional web related logging consider setting the 'logging.level.web' property to 'DEBUG'
2021-02-02 19:27:43.036  WARN 1696 --- [background-preinit] o.s.h.c.j.Jackson2ObjectMapperBuilder    : For Jackson Kotlin classes support please add "com.fasterxml.jackson.module:jackson-module-kotlin" to the classpath
2021-02-02 19:27:44.046  INFO 1696 --- [restartedMain] .s.d.r.c.RepositoryConfigurationDelegate : Bootstrapping Spring Data JPA repositories in DEFAULT mode.
2021-02-02 19:27:44.075  INFO 1696 --- [restartedMain] .s.d.r.c.RepositoryConfigurationDelegate : Finished Spring Data repository scanning in 17 ms. Found 0 JPA repository interfaces.
2021-02-02 19:27:44.801  INFO 1696 --- [restartedMain] o.s.b.w.embedded.tomcat.TomcatWebServer  : Tomcat initialized with port(s): 8887 (http)
2021-02-02 19:27:44.811  INFO 1696 --- [restartedMain] o.apache.catalina.core.StandardService   : Starting service [Tomcat]
2021-02-02 19:27:44.811  INFO 1696 --- [restartedMain] org.apache.catalina.core.StandardEngine  : Starting Servlet engine: [Apache Tomcat/9.0.41]
2021-02-02 19:27:44.927  INFO 1696 --- [restartedMain] o.a.c.c.C.[Tomcat].[localhost].[/]       : Initializing Spring embedded WebApplicationContext
2021-02-02 19:27:44.927  INFO 1696 --- [restartedMain] w.s.c.ServletWebServerApplicationContext : Root WebApplicationContext: initialization completed in 1899 ms
2021-02-02 19:27:45.075  INFO 1696 --- [restartedMain] com.zaxxer.hikari.HikariDataSource       : HikariPool-1 - Starting...
2021-02-02 19:27:45.240  INFO 1696 --- [restartedMain] com.zaxxer.hikari.HikariDataSource       : HikariPool-1 - Start completed.
2021-02-02 19:27:45.289  INFO 1696 --- [restartedMain] o.hibernate.jpa.internal.util.LogHelper  : HHH000204: Processing PersistenceUnitInfo [name: default]
2021-02-02 19:27:45.338  INFO 1696 --- [restartedMain] org.hibernate.Version                    : HHH000412: Hibernate ORM core version 5.4.27.Final
2021-02-02 19:27:45.537  INFO 1696 --- [restartedMain] o.hibernate.annotations.common.Version   : HCANN000001: Hibernate Commons Annotations {5.1.2.Final}
2021-02-02 19:27:45.665  INFO 1696 --- [restartedMain] org.hibernate.dialect.Dialect            : HHH000400: Using dialect: org.hibernate.dialect.MySQL8Dialect
2021-02-02 19:27:45.848  INFO 1696 --- [restartedMain] o.h.e.t.j.p.i.JtaPlatformInitiator       : HHH000490: Using JtaPlatform implementation: [org.hibernate.engine.transaction.jta.platform.internal.NoJtaPlatform]
2021-02-02 19:27:45.860  INFO 1696 --- [restartedMain] j.LocalContainerEntityManagerFactoryBean : Initialized JPA EntityManagerFactory for persistence unit 'default'
2021-02-02 19:27:46.294  WARN 1696 --- [restartedMain] JpaBaseConfiguration$JpaWebConfiguration : spring.jpa.open-in-view is enabled by default. Therefore, database queries may be performed during view rendering. Explicitly configure spring.jpa.open-in-view to disable this warning
2021-02-02 19:27:46.406  INFO 1696 --- [restartedMain] o.s.s.concurrent.ThreadPoolTaskExecutor  : Initializing ExecutorService 'applicationTaskExecutor'
2021-02-02 19:27:46.488  INFO 1696 --- [restartedMain] o.s.b.a.w.s.WelcomePageHandlerMapping    : Adding welcome page template: index
2021-02-02 19:27:46.725  INFO 1696 --- [restartedMain] o.s.b.d.a.OptionalLiveReloadServer       : LiveReload server is running on port 35729
2021-02-02 19:27:46.770  INFO 1696 --- [restartedMain] o.s.b.w.embedded.tomcat.TomcatWebServer  : Tomcat started on port(s): 8887 (http) with context path ''
2021-02-02 19:27:46.786  INFO 1696 --- [restartedMain] c.tytao.community.CommunityApplication   : Started CommunityApplication in 4.562 seconds (JVM running for 6.408)
